[00:02:38] [Server thread/INFO]: [Coffeent: Successfully filled 262 block(s)]
[00:10:06] [User Authenticator #4/INFO]: UUID of player Jerezzzito is 00bb83a7-4f80-43ff-a82f-7cf0b2f31993
[00:10:12] [Server thread/INFO]: Jerezzzito[/100.68.115.18:52061] logged in with entity id 142793 at (739.9060285968433, 70.0, 1186.5383886296381)
[00:10:12] [Server thread/INFO]: Sending server config values to client
[00:10:12] [Server thread/INFO]: Jerezzzito joined the game
[00:10:13] [Server thread/INFO]: Receiving client config
[00:11:05] [Server thread/INFO]: <Jerezzzito> no quedo como que muy petit?
[00:25:36] [Server thread/INFO]: <Coffeent> ola
[00:25:38] [Server thread/INFO]: <Coffeent> que te parece?
[00:25:45] [Server thread/INFO]: <Coffeent> como que petit?
[00:25:56] [Server thread/INFO]: <Coffeent> que es petit
[00:26:08] [Server thread/INFO]: <Jerezzzito> chiquito
[00:26:14] [Server thread/INFO]: <Jerezzzito> bajito
[00:26:17] [Server thread/INFO]: <Coffeent> como que chiquito
[00:26:18] [Server thread/INFO]: <Coffeent> XD
[00:26:22] [Server thread/INFO]: <Coffeent> como que bajito
[00:26:22] [Server thread/INFO]: <Coffeent> XD
[00:26:27] [Server thread/INFO]: <Coffeent> que cosa
[00:26:34] [Server thread/INFO]: <Coffeent> es que asi es
[00:26:35] [Server thread/INFO]: <Coffeent> mira
[00:26:40] [Server thread/INFO]: <Coffeent> pon atencion
[00:26:45] [Server thread/INFO]: <Coffeent> me estresa que no digas nada
[00:26:46] [Server thread/INFO]: <Coffeent> x,d
[00:26:49] [Server thread/INFO]: <Jerezzzito> petit es pequeño en frances
[00:26:58] [Server thread/INFO]: <Jerezzzito> estaba buscando bien el sig
[00:27:00] [Server thread/INFO]: <Jerezzzito> de esto
[00:27:00] [Server thread/INFO]: <Coffeent> pero no estamos hablando frances
[00:27:06] [Server thread/INFO]: <Coffeent> estamos hablando español
[00:27:07] [Server thread/INFO]: <Coffeent> xmd
[00:27:11] [Server thread/INFO]: <Jerezzzito> petit
[00:27:12] [Server thread/INFO]: [Coffeent: Set own game mode to Survival Mode]
[00:27:15] [Server thread/INFO]: <Coffeent> mira
[00:27:17] [Server thread/INFO]: <Coffeent> asi vas mas rapido
[00:27:31] [Server thread/INFO]: <Jerezzzito> ponle hielo tambien mijo avr
[00:27:33] [Server thread/INFO]: <Jerezzzito> XDDD
[00:27:40] [Server thread/INFO]: <Coffeent> mejor ir volando
[00:27:42] [Server thread/INFO]: <Coffeent> da igual el tamñao
[00:27:45] [Server thread/INFO]: <Coffeent> luego se puede cambiar
[00:27:47] [Server thread/INFO]: <Coffeent> mira el circulo
[00:27:49] [Server thread/INFO]: <Coffeent> eso esl o que importa
[00:27:50] [Server thread/INFO]: <Coffeent> tonta
[00:28:00] [Server thread/INFO]: <Coffeent> aca en el centrot
[00:28:02] [Server thread/INFO]: <Coffeent> se me vino la idea
[00:28:02] [Server thread/INFO]: <Jerezzzito> kjashdjhsad
[00:28:04] [Server thread/INFO]: <Coffeent> de que el tronco
[00:28:05] [Server thread/INFO]: <Jerezzzito> me ecnata
[00:28:07] [Server thread/INFO]: <Coffeent> sea un arbol gigante
[00:28:10] [Server thread/INFO]: <Coffeent> y que en el centro esten las escaleras
[00:28:12] [Server thread/INFO]: <Coffeent> para subir cada piso
[00:28:17] [Server thread/INFO]: [Coffeent: Teleported Jerezzzito to Coffeent]
[00:28:32] [Server thread/INFO]: <Jerezzzito> bonito :3
[00:28:34] [Server thread/INFO]: <Coffeent> cuanto de alto queres cada piso?
[00:28:38] [Server thread/INFO]: <Coffeent> con 6 bloques esta bien no?
[00:28:44] [Server thread/INFO]: <Jerezzzito> zhi
[00:28:46] [Server thread/INFO]: [Coffeent: Teleported Jerezzzito to Coffeent]
[00:28:48] [Server thread/INFO]: <Coffeent> mira asi de alto
[00:28:57] [Server thread/INFO]: <Jerezzzito> podria hacer que el techo sea un super arbol
[00:29:00] [Server thread/INFO]: <Jerezzzito> xD
[00:29:05] [Server thread/INFO]: <Jerezzzito> si asi esta bien
[00:29:06] [Server thread/INFO]: <Coffeent> si pero en el ultimo piso
[00:29:09] [Server thread/INFO]: <Coffeent> el punto es ir cerrando la cupula
[00:29:14] [Server thread/INFO]: <Coffeent> y que el ultimo piso
[00:29:16] [Server thread/INFO]: <Coffeent> sea cerrada
[00:29:19] [Server thread/INFO]: <Coffeent> por las hojas del arbol
[00:29:23] [Server thread/INFO]: <Coffeent> es que la cupula que hiciste
[00:29:25] [Server thread/INFO]: <Coffeent> esta medio que mal
[00:29:26] [Server thread/INFO]: <Coffeent> la otrat
[00:29:28] [Server thread/INFO]: <Coffeent> la inicial
[00:29:34] [Server thread/INFO]: <Jerezzzito> queres que la demole?
[00:29:36] [Server thread/INFO]: <Coffeent> no
[00:29:37] [Server thread/INFO]: <Coffeent> xd
[00:29:38] [Server thread/INFO]: <Jerezzzito> demuele
[00:29:38] [Server thread/INFO]: <Coffeent> dejala asi
[00:29:41] [Server thread/INFO]: <Jerezzzito> doedmeke
[00:29:43] [Server thread/INFO]: <Jerezzzito> kjdajkdad
[00:29:47] [Server thread/INFO]: <Jerezzzito> ta bien
[00:29:57] [Server thread/INFO]: <Coffeent> yo creo que facil
[00:29:58] [Server thread/INFO]: <Coffeent> esta cupula
[00:30:00] [Server thread/INFO]: <Coffeent> puede tener 10 pisos
[00:30:02] [Server thread/INFO]: <Coffeent> XD
[00:30:04] [Server thread/INFO]: <Jerezzzito> si
[00:30:06] [Server thread/INFO]: <Jerezzzito> XDD
[00:30:14] [Server thread/INFO]: <Jerezzzito> ns de que la voy a rellenar
[00:30:18] [Server thread/INFO]: <Jerezzzito> pero chido
[00:30:31] [Server thread/INFO]: <Jerezzzito> te traigo mas madera?
[00:30:34] [Server thread/INFO]: <Coffeent> no
[00:30:36] [Server thread/INFO]: <Coffeent> mira te muestro
[00:30:40] [Server thread/INFO]: [Coffeent: Teleported Jerezzzito to Coffeent]
[00:30:41] [Server thread/INFO]: <Jerezzzito> porque me muro matando zombies unu
[00:30:43] [Server thread/INFO]: <Coffeent> " cerrar "
[00:30:45] [Server thread/INFO]: [Coffeent: Set the time to 1000]
[00:30:48] [Server thread/INFO]: <Coffeent> " cerrar " una cupula
[00:30:52] [Server thread/INFO]: <Coffeent> se puedeh acer
[00:30:52] [Server thread/INFO]: <Coffeent> asi
[00:30:58] [Server thread/INFO]: <Coffeent> por cada piso se quita de 1 a 2 bloques
[00:31:00] [Server thread/INFO]: <Coffeent> del area
[00:31:04] [Server thread/INFO]: <Coffeent> asi se va reduciendo la cupulla
[00:31:06] [Server thread/INFO]: <Jerezzzito> zhi
[00:31:14] [Server thread/INFO]: <Coffeent> los primeros pisos de a 1
[00:31:19] [Server thread/INFO]: <Coffeent> y los ultimos de a 32
[00:31:20] [Server thread/INFO]: <Jerezzzito> y porque la otra cupula quedo mal x,d
[00:31:20] [Server thread/INFO]: <Coffeent> y los ultimos de a 2*
[00:31:24] [Server thread/INFO]: <Coffeent> por esa razon
[00:31:24] [Server thread/INFO]: <Coffeent> XD
[00:31:28] [Server thread/INFO]: <Coffeent> tu hiciste todo recto
[00:31:31] [Server thread/INFO]: <Coffeent> y solo achicaste el ultimo
[00:31:34] [Server thread/INFO]: <Coffeent> osea no quedo mal
[00:31:38] [Server thread/INFO]: <Coffeent> pero tampoco quedo bien
[00:31:38] [Server thread/INFO]: <Coffeent> XD
[00:31:42] [Server thread/INFO]: <Jerezzzito> XDD
[00:32:19] [Server thread/INFO]: <Coffeent> si te gusta el troncote?
[00:32:23] [Server thread/INFO]: <Jerezzzito> zu
[00:32:25] [Server thread/INFO]: <Jerezzzito> zi
[00:32:31] [Server thread/INFO]: <Coffeent> y las escalares
[00:32:32] [Server thread/INFO]: <Coffeent> por dentro
[00:32:33] [Server thread/INFO]: <Coffeent> ?
[00:32:37] [Server thread/INFO]: <Jerezzzito> mucho
[00:32:47] [Server thread/INFO]: <Jerezzzito> queda bonito :3
[00:33:33] [Server thread/INFO]: <Jerezzzito> subo :3?
[00:33:36] [Server thread/INFO]: <Coffeent> a donde
[00:33:41] [Server thread/INFO]: <Coffeent> espera
[00:33:44] [Server thread/INFO]: <Coffeent> ando viendo cuantos pisos
[00:33:45] [Server thread/INFO]: <Coffeent> bueno
[00:33:47] [Server thread/INFO]: <Coffeent> ve subiendolo
[00:33:47] [Server thread/INFO]: <Coffeent> XD
[00:34:43] [Server thread/INFO]: <Coffeent> de que color los cristales de esta
[00:34:48] [Server thread/INFO]: <Coffeent> transparantes? o tambien cyan
[00:34:49] [Server thread/INFO]: [Coffeent: Set own game mode to Creative Mode]
[00:34:53] [Server thread/INFO]: <Jerezzzito> cyan :3
[00:37:43] [Server thread/INFO]: <Jerezzzito> mas alto?
[00:37:52] [Server thread/INFO]: <Jerezzzito> pff
[00:37:53] [Server thread/INFO]: <Coffeent> por ahora deja asi
[00:37:56] [Server thread/INFO]: <Jerezzzito> a ok
[00:37:58] [Server thread/INFO]: <Jerezzzito> sdkljñdks
[00:38:00] [Server thread/INFO]: <Coffeent> esta cosa va aser enorme
[00:38:01] [Server thread/INFO]: <Coffeent> XD
[00:38:04] [Server thread/INFO]: <Coffeent> mas grande que mi mansion
[00:38:04] [Server thread/INFO]: <Jerezzzito> si
[00:38:04] [Server thread/INFO]: <Coffeent> XD
[00:38:06] [Server thread/INFO]: <Jerezzzito> XDDD
[00:38:09] [Server thread/INFO]: <Coffeent> creo que nos pasamos
[00:38:11] [Server thread/INFO]: <Coffeent> con lo de 100x100
[00:38:15] [Server thread/INFO]: <Jerezzzito> nah
[00:38:25] [Server thread/INFO]: [Coffeent: Teleported Jerezzzito to Coffeent]
[00:38:28] [Server thread/INFO]: <Coffeent> miralo de des aca
[00:38:28] [Server thread/INFO]: <Coffeent> XD
[00:38:34] [Server thread/INFO]: <Jerezzzito> de chill
[00:38:41] [Server thread/INFO]: <Coffeent> bueno almenos te sirve como invernadero
[00:38:42] [Server thread/INFO]: <Coffeent> apoco no
[00:38:43] [Server thread/INFO]: <Coffeent> XD
[00:38:46] [Server thread/INFO]: <Jerezzzito> zhi
[00:38:46] [Server thread/INFO]: <Coffeent> con terrible espacio
[00:39:10] [Server thread/WARN]: Coffeent moved too quickly! 6.315240027326354,-4.30630617108784,-6.664485840260795
[00:39:24] [Server thread/INFO]: <Jerezzzito> vas a hacer lo mismo en cada lado verdad?
[00:39:33] [Server thread/INFO]: <Coffeent> si
[00:39:42] [Server thread/WARN]: Coffeent moved too quickly! -9.893230820886743,-1.713744068098066,0.008555814815508711
[00:39:44] [Server thread/WARN]: Coffeent moved too quickly! 0.5942274555164886,-2.234988352848859,-9.880138260154354
[00:39:50] [Server thread/INFO]: <Coffeent> pero asegurate de hacerlo bien si lo vas a hacer
[00:39:53] [Server thread/INFO]: <Coffeent> o me voy a estresar
[00:40:01] [Server thread/INFO]: <Jerezzzito> dejamos solo las cosas estas de madera?
[00:40:05] [Server thread/INFO]: <Coffeent> q
[00:40:07] [Server thread/INFO]: <Coffeent> de que hablas
[00:40:08] [Server thread/INFO]: <Jerezzzito> osea no relleno piso de madera
[00:40:13] [Server thread/INFO]: <Coffeent> para?
[00:40:17] [Server thread/INFO]: <Coffeent> se supone que vas a cultivar aca
[00:40:18] [Server thread/INFO]: <Coffeent> no?
[00:40:22] [Server thread/INFO]: <Jerezzzito> zhi
[00:40:27] [Server thread/INFO]: <Coffeent> entonces para que rellenar con madera
[00:40:29] [Server thread/INFO]: <Coffeent> este piso solo son soportes
[00:40:33] [Server thread/INFO]: <Coffeent> el resto de espacio es para cultivos
[00:40:47] [Server thread/INFO]: <Jerezzzito> y dejo volando la tierra? XD
[00:40:56] [Server thread/INFO]: <Coffeent> obviamente
[00:40:57] [Server thread/INFO]: <Jerezzzito> creia que no ibas a querer eso
[00:40:59] [Server thread/INFO]: <Jerezzzito> xd
[00:41:04] [Server thread/INFO]: <Coffeent> luego ponemos baldozas
[00:41:06] [Server thread/INFO]: <Coffeent> por debajo
[00:41:09] [Server thread/INFO]: <Jerezzzito> oki
[00:41:09] [Server thread/INFO]: <Coffeent> y el agua le ponemos cristales
[00:41:11] [Server thread/INFO]: <Coffeent> yoya pense en eso
[00:41:12] [Server thread/INFO]: <Coffeent> xd
[00:41:18] [Server thread/INFO]: <Jerezzzito> bienbien
[00:41:23] [Server thread/INFO]: <Coffeent> bien bien que
[00:41:27] [Server thread/INFO]: <Coffeent> mal tu porno pensar
[00:41:28] [Server thread/INFO]: <Jerezzzito> bien pensado
[00:41:32] [Server thread/INFO]: <Jerezzzito> porno?
[00:41:34] [Server thread/INFO]: <Jerezzzito> XDDD
[00:41:37] [Server thread/INFO]: [Coffeent: Successfully filled 258 block(s)]
[00:41:42] [Server thread/INFO]: <Jerezzzito> apocoooo
[00:43:14] [Server thread/WARN]: Coffeent moved too quickly! 6.378367029963442,-2.62628167265062,7.559293032478536
[00:43:21] [Server thread/INFO]: <Coffeent> esta madre
[00:43:25] [Server thread/INFO]: <Coffeent> va a tener vergo de pisos
[00:43:28] [Server thread/INFO]: <Coffeent> y si mejor te mudas aca?
[00:43:29] [Server thread/INFO]: <Coffeent> XD
[00:43:30] [Server thread/INFO]: <Jerezzzito> :3
[00:43:32] [Server thread/INFO]: <Jerezzzito> si
[00:43:35] [Server thread/INFO]: <Jerezzzito> por eso decia
[00:43:36] [Server thread/INFO]: <Coffeent> no mentira
[00:43:38] [Server thread/INFO]: <Coffeent> que la otra zona
[00:43:41] [Server thread/INFO]: <Coffeent> sea tu zona de cofres
[00:43:43] [Server thread/INFO]: <Jerezzzito> derrumbo esta?
[00:43:43] [Server thread/INFO]: <Coffeent> y ya aca tu ves que pones
[00:43:44] [Server thread/INFO]: <Coffeent> XD
[00:43:50] [Server thread/INFO]: <Jerezzzito> XDD
[00:43:52] [Server thread/INFO]: <Jerezzzito> ok
[00:43:53] [Server thread/INFO]: <Coffeent> no la derrumbes
[00:43:55] [Server thread/INFO]: <Coffeent> xd
[00:43:57] [Server thread/INFO]: <Coffeent> es necesarias
[00:44:01] [Server thread/INFO]: <Coffeent> necesaria*
[00:44:07] [Server thread/INFO]: <Jerezzzito> lkjsdkad
[00:44:48] [Server thread/INFO]: <Jerezzzito> puedo hacer incluso cultivos de arboles
[00:44:49] [Server thread/INFO]: <Jerezzzito> XD
[00:44:53] [Server thread/INFO]: <Coffeent> lit
[00:45:10] [Server thread/INFO]: <Jerezzzito> el lag que va a ahcer eso va a tar potente
[00:45:54] [Server thread/WARN]: Coffeent moved too quickly! -9.582436697659205,0.0,2.963972024565919
[00:45:56] [Server thread/WARN]: Could not equip item '1 artifacts:bunny_hoppers' on spawned entity 'class_1642['Zombie'/148190, l='ServerLevel[world]', x=750.50, y=-17.00, z=1211.50]'
[00:46:07] [Server thread/INFO]: <Coffeent> me tocara conseguir plata
[00:46:11] [Server thread/INFO]: <Coffeent> para conseguir un servidor propio
[00:46:12] [Server thread/INFO]: <Coffeent> XD
[00:49:58] [Server thread/INFO]: [Coffeent: Successfully filled 251 block(s)]
[00:50:02] [Server thread/INFO]: <Jerezzzito> muchos phanthoms
[00:50:03] [Server thread/INFO]: <Jerezzzito> :c
[00:52:03] [Server thread/WARN]: Jerezzzito moved too quickly! 0.0,-11.643158907415128,0.061599435393873136
[00:54:29] [Server thread/WARN]: Coffeent moved too quickly! 4.5184321620439505,0.0,8.988109732888006
[00:54:32] [Server thread/INFO]: <Coffeent> aa
[00:54:35] [Server thread/INFO]: <Coffeent> lag
[00:54:36] [Server thread/INFO]: <Coffeent> ptm
[00:55:06] [Server thread/INFO]: [Coffeent: Set the weather to clear]
[00:55:08] [Server thread/INFO]: [Coffeent: Set the time to 1000]
[00:56:29] [Server thread/INFO]: [Coffeent: Successfully filled 239 block(s)]
[00:57:47] [Server thread/INFO]: <Coffeent> ya llevo 5 pisos
[00:57:47] [Server thread/INFO]: <Coffeent> XD
[00:58:03] [Server thread/INFO]: <Jerezzzito> y como la ves?
[00:58:06] [Server thread/INFO]: <Coffeent> grande
[00:58:07] [Server thread/INFO]: <Coffeent> XD
[00:58:27] [Server thread/INFO]: <Jerezzzito> grande le queda chico
[00:58:48] [Server thread/INFO]: <Coffeent> alarga el tronco porfa
[00:58:49] [Server thread/INFO]: <Coffeent> osea
[00:58:50] [Server thread/INFO]: <Coffeent> subilo mas
[00:58:52] [Server thread/INFO]: <Coffeent> x,d
[00:59:01] [Server thread/INFO]: <Jerezzzito> diavlo
[00:59:05] [Server thread/INFO]: <Jerezzzito> no tengo ya tanta madera
[00:59:09] [Server thread/INFO]: <Jerezzzito> trocno
[00:59:14] [Server thread/INFO]: [Coffeent: Teleported Jerezzzito to Coffeent]
[00:59:18] [Server thread/INFO]: <Coffeent> volteata
[00:59:20] [Server thread/INFO]: <Coffeent> voltate
[00:59:27] [Server thread/INFO]: <Coffeent> te meti madera
[00:59:28] [Server thread/INFO]: <Coffeent> por el culo
[00:59:29] [Server thread/INFO]: <Coffeent> ussala
[00:59:39] [Server thread/INFO]: <Jerezzzito> gracias amado mio
[00:59:59] [Server thread/INFO]: <Jerezzzito> pero la proxima con vaselina porque duele
[01:00:07] [Server thread/INFO]: <Coffeent> XD
[01:00:34] [Server thread/INFO]: <Jerezzzito> m pase
[01:00:37] [Server thread/INFO]: <Coffeent> no
[01:00:38] [Server thread/INFO]: <Coffeent> asi esta bien
[01:00:40] [Server thread/INFO]: <Coffeent> ahora por todos los lados
[01:00:50] [Server thread/INFO]: <Jerezzzito> arriba de todo la alto lag
[01:01:08] [Server thread/INFO]: <Coffeent> vas relageada
[01:01:10] [Server thread/INFO]: <Coffeent> q fue
[01:01:35] [Server thread/INFO]: <Coffeent> ijole
[01:01:37] [Server thread/INFO]: <Coffeent> nos pasamos de vrga
[01:01:38] [Server thread/INFO]: <Coffeent> x,d
[01:01:46] [Server thread/INFO]: <Coffeent> esto va a estar imposible
[01:01:48] [Server thread/INFO]: <Coffeent> de cerrar
[01:02:13] [Server thread/INFO]: <Jerezzzito> es que te acosnejo rmabien cerrarlo por pisos
[01:02:15] [Server thread/INFO]: <Jerezzzito> osea mira
[01:02:22] [Server thread/INFO]: <Coffeent> amor
[01:02:24] [Server thread/INFO]: <Coffeent> se esta cerrando
[01:02:26] [Server thread/INFO]: <Coffeent> por pisos
[01:02:28] [Server thread/INFO]: <Jerezzzito> sisi
[01:02:28] [Server thread/INFO]: <Coffeent> ya estoy haciendo eso
[01:02:29] [Server thread/INFO]: <Coffeent> XD
[01:02:34] [Server thread/INFO]: <Jerezzzito> deja me explico
[01:02:34] [Server thread/INFO]: <Coffeent> sigue construyendo el tronco mejor
[01:02:37] [Server thread/INFO]: <Coffeent> bueno
[01:03:16] [Server thread/INFO]: <Jerezzzito> te acosejo tambien reducir los ultimos dos bloques de cada piso
[01:03:24] [Server thread/INFO]: <Jerezzzito> digamos, ejempo de aca
[01:04:14] [Server thread/INFO]: <Jerezzzito> si vas achicando asi vas a conseguir mas rapido la cupula
[01:04:20] [Server thread/INFO]: <Coffeent> amor
[01:04:25] [Server thread/INFO]: <Coffeent> eso ya te habia dicho
[01:04:27] [Server thread/INFO]: <Coffeent> que lo haria corazon
[01:04:30] [Server thread/INFO]: <Jerezzzito> como mas, no va a tener forma circular, sino eeee de pino?
[01:04:42] [Server thread/INFO]: <Coffeent> corazon ya tenia planeado eso
[01:04:44] [Server thread/INFO]: <Coffeent> hasta te lo dije
[01:04:46] [Server thread/INFO]: <Coffeent> no soy tonto mi vida
[01:04:47] [Server thread/INFO]: <Coffeent> xd
[01:04:47] [Server thread/INFO]: <Jerezzzito> ay
[01:04:54] [Server thread/INFO]: <Jerezzzito> perdon amorcito
[01:04:58] [Server thread/INFO]: <Coffeent> gracias por querer ayudar
[01:04:58] [Server thread/INFO]: <Coffeent> te amo
[01:05:18] [Server thread/INFO]: <Jerezzzito> me lo imagine cmo pino de navidad XDDD
[01:05:23] [Server thread/INFO]: <Coffeent> si
[01:05:26] [Server thread/INFO]: <Coffeent> se vera asi probablemente
[01:05:28] [Server thread/INFO]: <Coffeent> como un cono
[01:05:31] [Server thread/INFO]: <Coffeent> como cupula ya no queda
[01:05:34] [Server thread/INFO]: <Coffeent> lo hicismo muy grande
[01:05:34] [Server thread/INFO]: <Jerezzzito> XDDDDDD
[01:05:37] [Server thread/INFO]: <Jerezzzito> kjdkjhad
[01:05:40] [Server thread/INFO]: <Jerezzzito> oki
[01:05:46] [Server thread/INFO]: <Jerezzzito> especial navidad
[01:05:51] [Server thread/INFO]: <Coffeent> XDD
[01:05:55] [Server thread/INFO]: <Jerezzzito> dormimos?
[01:06:01] [Server thread/INFO]: <Coffeent> nah
[01:06:04] [Server thread/INFO]: [Coffeent: The difficulty has been set to Peaceful]
[01:06:11] [Server thread/INFO]: <Coffeent> pondre en pacifico
[01:06:15] [Server thread/INFO]: <Coffeent> mientras termino el molde
[01:06:16] [Server thread/INFO]: <Coffeent> si, ando en creativo
[01:06:18] [Server thread/INFO]: <Coffeent> pero solo para el molde
[01:06:22] [Server thread/INFO]: <Coffeent> ya luego lo terminamos en survival
[01:06:22] [Server thread/INFO]: <Coffeent> xd
[01:06:29] [Server thread/INFO]: <Coffeent> es para ir haciendo el cierre
[01:06:30] [Server thread/INFO]: <Coffeent> de todo
[01:06:46] [Server thread/INFO]: [Coffeent: Successfully filled 229 block(s)]
[01:07:41] [Server thread/WARN]: Coffeent moved too quickly! 0.9678080544383647,-0.15000000596046448,10.241438637655392
[01:08:07] [Server thread/WARN]: Coffeent moved too quickly! -9.463480241052594,-1.713744068098066,-3.010373841130331
[01:08:28] [Server thread/INFO]: [Coffeent: Successfully filled 210 block(s)]
[01:08:28] [Server thread/INFO]: <Coffeent> se me
[01:08:28] [Server thread/INFO]: <Coffeent> peto
[01:08:37] [Server thread/INFO]: <Coffeent> aaa
[01:08:37] [Server thread/INFO]: <Coffeent> lag
[01:08:41] [Server thread/INFO]: <Jerezzzito> sep
[01:08:42] [Server thread/INFO]: <Coffeent> se pusieron a ver una pelicula
[01:08:43] [Server thread/INFO]: <Coffeent> mierda
[01:08:44] [Server thread/INFO]: <Jerezzzito> a mi igual
[01:08:46] [Server thread/INFO]: <Jerezzzito> x,d
[01:09:37] [Server thread/INFO]: <Coffeent> unu
[01:09:50] [Server thread/INFO]: <Jerezzzito> que pasa corazon?
[01:09:55] [Server thread/INFO]: <Coffeent> que te amo mucho
[01:10:15] [Server thread/INFO]: [Coffeent: Successfully filled 191 block(s)]
[01:10:16] [Server thread/INFO]: <Jerezzzito> yo tambien te amo mucho unu
[01:10:22] [Server thread/INFO]: <Jerezzzito> mañana sale llamada :3?
[01:10:31] [Server thread/INFO]: <Coffeent> si puedo si
[01:10:32] [Server thread/INFO]: <Coffeent> si no no
[01:10:35] [Server thread/INFO]: <Coffeent> sabes que no mantengo solo
[01:10:35] [Server thread/INFO]: <Coffeent> xd
[01:10:42] [Server thread/INFO]: <Jerezzzito> skadljs
[01:10:43] [Server thread/INFO]: <Jerezzzito> lo se
[01:10:48] [Server thread/INFO]: <Jerezzzito> dime si vas a poder
[01:10:51] [Server thread/INFO]: <Jerezzzito> que es mañana?
[01:10:54] [Server thread/INFO]: <Jerezzzito> martes?
[01:11:02] [Server thread/INFO]: <Jerezzzito> creo que solo tengo medio dia
[01:11:17] [Server thread/INFO]: <Jerezzzito> sola
[01:11:20] [Server thread/INFO]: <Jerezzzito> x,d
[01:11:37] [Server thread/INFO]: <Coffeent> si martes
[01:11:47] [Server thread/WARN]: Coffeent moved too quickly! 5.629478185970356,0.0,-8.465424704682391
[01:12:20] [Server thread/INFO]: <Jerezzzito> ya no tengo maderit
[01:12:21] [Server thread/INFO]: <Jerezzzito> a
[01:12:22] [Server thread/INFO]: [Coffeent: Successfully filled 173 block(s)]
[01:12:26] [Server thread/INFO]: <Coffeent> ve a talar pues
[01:12:26] [Server thread/INFO]: <Jerezzzito> tronco
[01:12:34] [Server thread/INFO]: <Jerezzzito> .w.
[01:13:04] [Server thread/WARN]: Coffeent moved too quickly! -7.282191994610002,5.999253445553677,-3.9392744342089827
[01:14:28] [Server thread/WARN]: Coffeent moved too quickly! -0.7049314025587137,9.562936741989333,2.976904142280546
[01:14:52] [Server thread/INFO]: [Coffeent: Successfully filled 155 block(s)]
[01:15:17] [Server thread/INFO]: <Coffeent> alfin
[01:15:19] [Server thread/INFO]: <Coffeent> ya lo estamos cerrando
[01:15:23] [Server thread/INFO]: <Coffeent> XD
[01:15:39] [Server thread/WARN]: Coffeent moved too quickly! 3.7910771030852857,-6.374995811838986,-7.438190294639298
[01:16:29] [Server thread/INFO]: [Coffeent: Successfully filled 143 block(s)]
[01:16:59] [Server thread/INFO]: [Coffeent: Successfully filled 131 block(s)]
[01:17:24] [Server thread/WARN]: Coffeent moved too quickly! 0.0,-9.374559575341706,-3.710864190090433
[01:18:36] [Server thread/INFO]: [Coffeent: Successfully filled 124 block(s)]
[01:19:09] [Server thread/INFO]: <Coffeent> hacer la copa edl arbol
[01:19:12] [Server thread/INFO]: <Coffeent> es lo mas complicado diria
[01:19:13] [Server thread/INFO]: <Coffeent> XZD
[01:19:34] [Server thread/INFO]: <Jerezzzito> sjdklsdj
[01:19:37] [Server thread/INFO]: <Jerezzzito> ay
[01:19:47] [Server thread/INFO]: <Coffeent> no si
[01:19:53] [Server thread/INFO]: <Coffeent> ni idea como lo haremos
[01:19:56] [Server thread/INFO]: <Jerezzzito> XDD
[01:20:01] [Server thread/INFO]: <Coffeent> mentira si se
[01:20:05] [Server thread/INFO]: <Coffeent> pero toca terminar toda la cupula
[01:20:05] [Server thread/INFO]: <Coffeent> onda
[01:20:10] [Server thread/INFO]: <Coffeent> toca dejarlo de ultimas
[01:20:26] [Server thread/INFO]: <Coffeent> pero te comento que subir todo este arbol
[01:20:29] [Server thread/INFO]: <Coffeent> esta imposible
[01:20:30] [Server thread/INFO]: <Coffeent> XD
[01:20:41] [Server thread/INFO]: <Jerezzzito> ahi voy
[01:20:47] [Server thread/INFO]: <Jerezzzito> andaba recolectando madera
[01:20:48] [Server thread/INFO]: <Jerezzzito> :#
[01:20:49] [Server thread/INFO]: <Coffeent> 13 pisos
[01:20:50] [Server thread/INFO]: <Jerezzzito> :#
[01:20:50] [Server thread/INFO]: <Coffeent> verga
[01:20:52] [Server thread/INFO]: <Jerezzzito> :3
[01:21:07] [Server thread/INFO]: <Jerezzzito> sdjksadkjlsad
[01:21:16] [Server thread/INFO]: <Jerezzzito> apoco arbolito de navidad
[01:21:21] [Server thread/INFO]: <Coffeent> no
[01:21:24] [Server thread/INFO]: <Coffeent> parece mas la torre stark
[01:21:46] [Server thread/INFO]: <Jerezzzito> XDDD
[01:23:03] [Server thread/INFO]: [Coffeent: Teleported Jerezzzito to Coffeent]
[01:23:04] [Server thread/INFO]: <Coffeent> es q mira
[01:23:07] [Server thread/INFO]: <Coffeent> XD
[01:23:26] [Server thread/INFO]: <Coffeent> vas at omarle foto
[01:23:26] [Server thread/INFO]: <Coffeent> ?
[01:23:27] [Server thread/INFO]: <Coffeent> XD
[01:23:32] [Server thread/INFO]: <Jerezzzito> ni s ellega a ver
[01:23:34] [Server thread/INFO]: <Jerezzzito> XDD
[01:23:37] [Server thread/INFO]: <Coffeent> pues acercate
[01:24:01] [Server thread/INFO]: <Jerezzzito> en fin
[01:24:08] [Server thread/INFO]: <Coffeent> por que pones " enfin " ?
[01:24:16] [Server thread/INFO]: <Coffeent> )?
[01:24:35] [Server thread/INFO]: <Jerezzzito> me estaba riendo, y pare de reir y puse en fin
[01:24:40] [Server thread/INFO]: <Coffeent> XD?
[01:24:43] [Server thread/INFO]: <Coffeent> pq te ries o q
[01:24:48] [Server thread/INFO]: <Jerezzzito> me dio risa
[01:24:50] [Server thread/INFO]: <Jerezzzito> la forma
[01:24:52] [Server thread/INFO]: <Jerezzzito> xD
[01:24:54] [Server thread/INFO]: <Coffeent> tomale fotitos a la monstrosidad
[01:24:59] [Server thread/INFO]: <Coffeent> apoco pensando en mi verga XD
[01:25:15] [Server thread/INFO]: <Coffeent> o te da risa que sea un arbol de navidad?
[01:25:46] [Server thread/INFO]: <Jerezzzito> me da risa que parece la torre de tony stark XD
[01:25:49] [Server thread/INFO]: <Coffeent> XD
[01:25:50] [Server thread/INFO]: <Coffeent> vdd q si
[01:25:58] [Server thread/INFO]: <Jerezzzito> si pensara en tu verga no me reiria, me exitaria
[01:26:06] [Server thread/INFO]: <Jerezzzito> u//u
[01:26:13] [Server thread/INFO]: <Coffeent> XD
[01:26:39] [Server thread/INFO]: <Coffeent> si nos pasamos de verga
[01:26:40] [Server thread/INFO]: <Coffeent> x,d
[01:26:45] [Server thread/INFO]: <Coffeent> y tu diciendo que 100x100 no era nada
[01:26:55] [Server thread/INFO]: <Jerezzzito> es que para arriba tiene 300
[01:26:58] [Server thread/INFO]: <Jerezzzito> xDDD
[01:27:18] [Server thread/INFO]: <Jerezzzito> cuanto tiene?
[01:27:24] [Server thread/INFO]: <Jerezzzito> cada piso es de 6
[01:27:25] [Server thread/INFO]: <Coffeent> ponele
[01:27:27] [Server thread/INFO]: <Coffeent> son 13
[01:27:28] [Server thread/INFO]: <Jerezzzito> y hacia 13?
[01:27:32] [Server thread/INFO]: <Coffeent> 78+13
[01:27:44] [Server thread/INFO]: <Coffeent> no tiene ni 100
[01:27:45] [Server thread/INFO]: <Coffeent> le falta
[01:27:47] [Server thread/INFO]: <Coffeent> pero s
[01:27:48] [Server thread/INFO]: <Coffeent> casi
[01:27:55] [Server thread/INFO]: <Coffeent> basicamente esta cupula es un 100x100x100
[01:28:13] [Server thread/INFO]: <Jerezzzito> claro
[01:28:19] [Server thread/INFO]: <Jerezzzito> par aarriba tenia que ser de 50
[01:28:32] [Server thread/INFO]: <Jerezzzito> tenias que hacer medio circulo
[01:28:34] [Server thread/INFO]: <Coffeent> ya se nos paso del 50
[01:28:35] [Server thread/INFO]: <Jerezzzito> x,d
[01:28:35] [Server thread/INFO]: <Coffeent> ni modo
[01:29:04] [Server thread/INFO]: <Coffeent> ey almenos
[01:29:06] [Server thread/INFO]: <Coffeent> espacio ya no te falta
[01:29:07] [Server thread/INFO]: <Coffeent> XD
[01:29:15] [Server thread/INFO]: <Coffeent> aqui tienes tu huerta
[01:29:16] [Server thread/INFO]: <Coffeent> XD
[01:29:17] [Server thread/INFO]: <Jerezzzito> creo que nunca fue problema XDD
[01:29:20] [Server thread/INFO]: <Coffeent> tu super huerta
[01:29:20] [Server thread/INFO]: <Jerezzzito> a si era
[01:29:20] [Server thread/INFO]: <Coffeent> XD
[01:29:24] [Server thread/INFO]: <Coffeent> amor
[01:29:29] [Server thread/INFO]: <Coffeent> literalmente empezamos con esto
[01:29:32] [Server thread/INFO]: <Coffeent> por que lo hiciste re pequeño
[01:29:33] [Server thread/INFO]: <Coffeent> XD
[01:29:35] [Server thread/INFO]: <Jerezzzito> XDDD
[01:29:37] [Server thread/INFO]: <Coffeent> ahora lo hicimos re grande
[01:29:38] [Server thread/INFO]: <Coffeent> XD
[01:29:42] [Server thread/INFO]: <Jerezzzito> y pegado
[01:30:03] [Server thread/INFO]: <Coffeent> dios
[01:30:33] [Server thread/INFO]: <Coffeent> va tocar meter un mod de elevadores
[01:30:35] [Server thread/INFO]: <Coffeent> XD
[01:30:41] [Server thread/INFO]: <Jerezzzito> ni modo
[01:30:47] [Server thread/INFO]: <Jerezzzito> igual podemos volar
[01:30:49] [Server thread/INFO]: <Jerezzzito> xd
[01:30:49] [Server thread/INFO]: <Coffeent> se
[01:30:53] [Server thread/INFO]: <Coffeent> y hay un espacio hueco
[01:30:55] [Server thread/INFO]: <Coffeent> en las escaleras
[01:30:58] [Server thread/INFO]: <Coffeent> hay podemos volar
[01:30:59] [Server thread/INFO]: <Coffeent> apoco no
[01:31:03] [Server thread/INFO]: <Jerezzzito> zhi
[01:31:40] [Server thread/INFO]: <Coffeent> si nos pasamos de verga amor
[01:31:49] [Server thread/INFO]: <Coffeent> ahorita voy a descargar el mundo
[01:31:52] [Server thread/INFO]: <Coffeent> ni en pedo voy a perder este mundo
[01:31:53] [Server thread/INFO]: <Coffeent> XD
[01:31:56] [Server thread/INFO]: <Jerezzzito> skldjsad
[01:36:28] [Server thread/INFO]: <Coffeent> amor
[01:36:29] [Server thread/INFO]: <Coffeent> que mierda haces
[01:36:30] [Server thread/INFO]: <Coffeent> XD
[01:36:32] [Server thread/INFO]: <Coffeent> ya llegamos al tope
[01:36:33] [Server thread/INFO]: <Jerezzzito> subir
[01:36:36] [Server thread/INFO]: <Coffeent> por que sigues subiendo
[01:36:36] [Server thread/INFO]: <Jerezzzito> :o
[01:36:39] [Server thread/INFO]: <Coffeent> ya esta la cupula
[01:36:43] [Server thread/INFO]: <Coffeent> XD
[01:36:45] [Server thread/INFO]: <Coffeent> la cagaste
[01:36:47] [Server thread/INFO]: <Jerezzzito> ijole
[01:36:48] [Server thread/INFO]: <Coffeent> x,d
[01:36:50] [Server thread/INFO]: <Jerezzzito> na
[01:37:16] [Server thread/INFO]: <Jerezzzito> dime hasta donde corazon
[01:37:17] [Server thread/INFO]: <Coffeent> ya queda solo hacer el arbol x,d
[01:37:21] [Server thread/INFO]: <Coffeent> ya te marque
[01:37:22] [Server thread/INFO]: <Coffeent> hasta donde
[01:37:42] [Server thread/INFO]: [Coffeent: Successfully filled 108 block(s)]
[01:37:48] [Server thread/INFO]: [Coffeent: Successfully filled 108 block(s)]
[01:38:55] [Server thread/INFO]: <Coffeent> este piso ya es pura oja
[01:39:30] [Server thread/INFO]: <Jerezzzito> q grandota
[01:39:36] [Server thread/INFO]: <Coffeent> vdd q si
[01:39:39] [Server thread/INFO]: <Coffeent> sera que si subimos otro piso?
[01:39:46] [Server thread/INFO]: <Coffeent> o lo ves bien aasi?
[01:39:53] [Server thread/INFO]: <Coffeent> es que asi desde lejos el tronco se ve bien delgado
[01:39:59] [Server thread/INFO]: <Coffeent> na asi esta bien
[01:40:17] [Server thread/INFO]: <Jerezzzito> xd
[01:40:31] [Server thread/INFO]: <Jerezzzito> voy rellenando
[01:40:38] [Server thread/INFO]: <Jerezzzito> va
[01:40:38] [Server thread/INFO]: <Coffeent> no es rellenar
[01:40:39] [Server thread/INFO]: <Coffeent> x,d
[01:40:43] [Server thread/INFO]: <Coffeent> no vayas a rellenar
[01:40:45] [Server thread/INFO]: <Coffeent> que la cagas
[01:40:49] [Server thread/INFO]: <Jerezzzito> si, voy terminando
[01:40:56] [Server thread/INFO]: <Jerezzzito> haciendo las cosas estas de madera
[01:41:36] [Server thread/INFO]: [Coffeent: Successfully filled 270 block(s)]
[01:41:53] [Server thread/INFO]: <Jerezzzito> o vas a hacer eso en todos
[01:41:54] [Server thread/INFO]: <Jerezzzito> xD
[01:42:01] [Server thread/INFO]: <Coffeent> obviamente)?
[01:42:05] [Server thread/INFO]: <Jerezzzito> ta bien
[01:42:07] [Server thread/INFO]: <Jerezzzito> xD
[01:42:10] [Server thread/INFO]: <Coffeent> o que es "eso"
[01:42:14] [Server thread/INFO]: <Coffeent> habla mas claro
[01:42:15] [Server thread/INFO]: <Jerezzzito> rellenar
[01:42:18] [Server thread/INFO]: <Jerezzzito> lo de madera
[01:42:22] [Server thread/INFO]: <Coffeent> hazlo tu tambien
[01:42:23] [Server thread/INFO]: <Jerezzzito> es que no se como decirle
[01:42:26] [Server thread/INFO]: <Coffeent> obviamentel o hare en todos
[01:42:30] [Server thread/INFO]: <Coffeent> todos los lados deben ser iguales
[01:42:35] [Server thread/INFO]: <Coffeent> no piensas o que?
[01:42:48] [Server thread/INFO]: <Jerezzzito> sisi, pero andas haciendolo con comando
[01:42:50] [Server thread/INFO]: <Jerezzzito> o no?
[01:42:55] [Server thread/INFO]: <Coffeent> ah eso
[01:43:00] [Server thread/INFO]: <Coffeent> la crus
[01:43:03] [Server thread/INFO]: <Coffeent> cruz*
[01:43:13] [Server thread/INFO]: <Coffeent> el resto es imposible hacerlo con comandos
[01:43:21] [Server thread/INFO]: [Coffeent: Successfully filled 258 block(s)]
[01:43:56] [Server thread/INFO]: [Coffeent: Successfully filled 246 block(s)]
[01:44:24] [Server thread/INFO]: <Coffeent> ve rellenando tu tambien
[01:44:24] [Server thread/INFO]: <Coffeent> ps
[01:44:31] [Server thread/INFO]: [Coffeent: Successfully filled 234 block(s)]
[01:44:44] [Server thread/INFO]: <Jerezzzito> si
[01:44:48] [Server thread/INFO]: <Jerezzzito> ando haciendo los de arriba xD
[01:44:58] [Server thread/INFO]: <Jerezzzito> pero no se bien donde terminan
[01:45:02] [Server thread/INFO]: <Coffeent> no mames
[01:45:06] [Server thread/INFO]: <Coffeent> empieza desde los de abajo
[01:45:08] [Server thread/INFO]: <Coffeent> x,d
[01:45:09] [Server thread/INFO]: <Coffeent> dios
[01:45:20] [Server thread/INFO]: <Coffeent> eres muy poco inteligente amor
[01:45:21] [Server thread/INFO]: <Coffeent> enserio
[01:45:22] [Server thread/INFO]: <Jerezzzito> pasa que no queria pasarme
[01:45:23] [Server thread/INFO]: <Coffeent> usa mas tu cabeza
[01:45:24] [Server thread/INFO]: <Coffeent> x,d
[01:45:39] [Server thread/INFO]: <Coffeent> ni siquiera es dificil
[01:45:41] [Server thread/INFO]: <Coffeent> que haces
[01:45:42] [Server thread/INFO]: <Coffeent> asi no se hace
[01:45:44] [Server thread/INFO]: <Coffeent> nmms
[01:45:46] [Server thread/INFO]: <Coffeent> mira
[01:45:48] [Server thread/INFO]: <Coffeent> mirame
[01:46:17] [Server thread/INFO]: <Coffeent> asi marcas
[01:46:19] [Server thread/INFO]: <Coffeent> hasta donde llegan
[01:46:21] [Server thread/INFO]: <Coffeent> no te ocmpliques la vida
[01:47:14] [Server thread/INFO]: <Coffeent> son 4 de uno luego 4 de 2 y luego los ultimos de 1
[01:47:19] [Server thread/INFO]: <Coffeent> fijate el que hice x,d
[01:47:20] [Server thread/INFO]: <Coffeent> en fin
[01:47:31] [Server thread/INFO]: <Coffeent> el ya terminado
[01:47:52] [Server thread/INFO]: <Coffeent> fijate del de ese lado amor
[01:47:57] [Server thread/INFO]: <Coffeent> el quie ya termine todo
[01:47:58] [Server thread/INFO]: <Coffeent> pq te fijas del otro
[01:47:59] [Server thread/INFO]: <Coffeent> x,d
[01:48:05] [Server thread/INFO]: <Jerezzzito> ta bien
[01:48:05] [Server thread/INFO]: <Coffeent> enes una guia
[01:48:06] [Server thread/INFO]: <Coffeent> totalmente terminado
[01:48:09] [Server thread/INFO]: <Coffeent> y no te guias de esa
[01:48:12] [Server thread/INFO]: <Coffeent> tienes 0 neuronas
[01:48:12] [Server thread/INFO]: <Coffeent> x,d
[01:49:11] [Server thread/INFO]: [Coffeent: Successfully filled 222 block(s)]
[01:50:32] [Server thread/WARN]: Coffeent moved too quickly! 5.601530721963854,2.040175185069259,8.297608211065608
[01:50:44] [Server thread/INFO]: [Coffeent: Successfully filled 204 block(s)]
[01:51:33] [Server thread/INFO]: [Coffeent: Successfully filled 133 block(s)]
[01:52:05] [Server thread/INFO]: [Coffeent: Successfully filled 168 block(s)]
[01:52:09] [Server thread/WARN]: Coffeent moved too quickly! -9.827042083068136,0.0,-2.5158240205810216
[01:52:42] [Server thread/INFO]: [Coffeent: Successfully filled 150 block(s)]
[01:53:24] [Server thread/INFO]: [Coffeent: Successfully filled 138 block(s)]
[01:54:07] [Server thread/INFO]: [Coffeent: Successfully filled 126 block(s)]
[01:54:42] [Server thread/INFO]: [Coffeent: Successfully filled 78 block(s)]
[01:55:27] [Server thread/INFO]: [Coffeent: Successfully filled 108 block(s)]
[01:56:22] [Server thread/INFO]: <Jerezzzito> si ta bien :C?
[01:56:35] [Server thread/INFO]: <Coffeent> si, vas bien
[02:03:18] [Server thread/INFO]: <Jerezzzito> estas comiendo?
[02:03:19] [Server thread/INFO]: <Jerezzzito> xD
[02:08:59] [Server thread/INFO]: <Coffeent> como va la bb
[02:09:09] [Server thread/INFO]: <Coffeent> si te gusta como va quedando?
[02:09:17] [Server thread/INFO]: <Jerezzzito> zhi
[02:09:23] [Server thread/INFO]: <Jerezzzito> si pude vite :3?
[02:09:31] [Server thread/INFO]: <Coffeent> mu bn
[02:10:01] [Server thread/INFO]: <Coffeent> en fin si nos pasamos deverga
[02:10:12] [Server thread/INFO]: <Jerezzzito> ya no hay vuelt atras
[02:14:30] [Server thread/INFO]: <Jerezzzito> :3
[02:15:26] [Server thread/INFO]: <Jerezzzito> que andabas haciendo?
[02:15:36] [Server thread/INFO]: <Coffeent> pues nado construyendo
[02:15:36] [Server thread/INFO]: <Coffeent> XD
[02:15:39] [Server thread/INFO]: <Coffeent> ando*
[02:15:44] [Server thread/INFO]: <Jerezzzito> nunu
[02:15:46] [Server thread/INFO]: <Jerezzzito> antes
[02:15:51] [Server thread/INFO]: <Jerezzzito> cuando te quedaste afk
[02:15:53] [Server thread/INFO]: <Jerezzzito> unu
[02:16:08] [Server thread/INFO]: <Coffeent> lavando loza
[02:16:22] [Server thread/WARN]: Coffeent moved too quickly! 3.13535125945657,0.0,9.85083532929093
[02:16:23] [Server thread/INFO]: <Jerezzzito> q comiste :3?
[02:16:31] [Server thread/INFO]: <Coffeent> ?
[02:16:33] [Server thread/INFO]: <Coffeent> no lees?
[02:16:34] [Server thread/INFO]: <Coffeent> no comi
[02:16:36] [Server thread/INFO]: <Coffeent> lave loza
[02:16:38] [Server thread/INFO]: <Coffeent> :/
[02:16:44] [Server thread/WARN]: Coffeent moved too quickly! -0.29232423618725534,0.0,-10.063589225337182
[02:16:45] [Server thread/INFO]: <Jerezzzito> no comiste :C?
[02:16:50] [Server thread/INFO]: <Jerezzzito> porque no comes :c
[02:17:02] [Server thread/INFO]: <Jerezzzito> loza no eran platos?
[02:17:05] [Server thread/INFO]: <Coffeent> aja
[02:17:16] [Server thread/INFO]: <Coffeent> estas preguntando que comi antes de lavar loza?
[02:17:20] [Server thread/INFO]: <Coffeent> es que no eres especifica
[02:17:57] [Server thread/INFO]: <Jerezzzito> si estas lavando loza es porque esta sucia, si esta sucia es porque se puso algo en este mismo, usualmente comida, asi que, con que estaba sucia la loza?
[02:18:02] [Server thread/INFO]: <Jerezzzito> xD
[02:18:06] [Server thread/INFO]: <Coffeent> que paja leer
[02:18:09] [Server thread/INFO]: <Coffeent> mucho texto
[02:18:21] [Server thread/INFO]: <Coffeent> comi arroz chino con arroz blanco y un huevo frito encima
[02:18:23] [Server thread/INFO]: <Coffeent> y cafe en leche
[02:18:31] [Server thread/INFO]: <Jerezzzito> rico
[02:18:32] [Server thread/INFO]: <Jerezzzito> :3
[02:18:32] [Server thread/INFO]: <Coffeent> incluso si no quiero leer ese texto
[02:18:37] [Server thread/INFO]: <Coffeent> mi lente lo lee automaticamente
[02:18:37] [Server thread/INFO]: <Coffeent> ni modo
[02:18:55] [Server thread/INFO]: <Jerezzzito> xD
[02:20:10] [Server thread/INFO]: <Jerezzzito> diavlo
[02:20:14] [Server thread/INFO]: <Jerezzzito> me quede sin madera
[02:20:26] [Server thread/INFO]: <Jerezzzito> y creo que no creieron los arbolitos de aca cerca
[02:20:53] [Server thread/INFO]: <Coffeent> dios
[02:20:56] [Server thread/INFO]: <Coffeent> que complicada esta mrd
[02:21:02] [Server thread/INFO]: <Coffeent> hacer un circulo dentro de otro circulo
[02:21:03] [Server thread/INFO]: <Coffeent> XD
[02:22:36] [Server thread/INFO]: <Coffeent> na
[02:22:38] [Server thread/INFO]: <Coffeent> es que si quda good
[02:22:40] [Server thread/INFO]: <Coffeent> querei ver?
[02:22:40] [Server thread/INFO]: <Jerezzzito> me duelen todas las piernas a mas no poder
[02:22:45] [Server thread/INFO]: <Coffeent> pq? XD
[02:22:47] [Server thread/INFO]: <Coffeent> a vdd
[02:22:48] [Server thread/INFO]: <Coffeent> gym
[02:22:50] [Server thread/INFO]: <Coffeent> mañana haz cardio
[02:22:52] [Server thread/INFO]: <Coffeent> de chill
[02:22:54] [Server thread/INFO]: <Coffeent> y estiramientos
[02:22:55] [Server thread/INFO]: <Jerezzzito> no puedo estar sentada
[02:22:59] [Server thread/INFO]: <Jerezzzito> me duele el culo
[02:23:01] [Server thread/INFO]: <Jerezzzito> XDDD
[02:23:10] [Server thread/INFO]: <Coffeent> mejor
[02:23:24] [Server thread/INFO]: <Jerezzzito> OOOOOOOOOOOOOOOOO
[02:23:28] [Server thread/INFO]: <Jerezzzito> SABES QUE PARECE?
[02:23:31] [Server thread/INFO]: <Coffeent> q
[02:23:32] [Server thread/INFO]: <Jerezzzito> UN VOLCAN
[02:23:33] [Server thread/INFO]: [Coffeent: Teleported Coffeent to Jerezzzito]
[02:23:36] [Server thread/INFO]: <Coffeent> sip
[02:23:40] [Server thread/INFO]: <Jerezzzito> :O
[02:23:43] [Server thread/INFO]: <Coffeent> mira
[02:23:47] [Server thread/INFO]: [Coffeent: Teleported Jerezzzito to Coffeent]
[02:24:02] [Server thread/INFO]: <Coffeent> como lo ves?
[02:24:32] [Server thread/INFO]: <Jerezzzito> bien bonito
[02:24:45] [Server thread/INFO]: <Coffeent> segura?
[02:24:46] [Server thread/INFO]: <Coffeent> x.d
[02:24:51] [Server thread/INFO]: <Jerezzzito> zhi
[02:24:53] [Server thread/INFO]: <Jerezzzito> :3
[02:25:06] [Server thread/INFO]: <Jerezzzito> te diria de hacerlo de rojo asi parece volcan
[02:25:10] [Server thread/INFO]: <Coffeent> no xd
[02:25:15] [Server thread/INFO]: <Coffeent> ya lo estamos haciendo azul
[02:25:15] [Server thread/INFO]: <Jerezzzito> y usamos las ojas del nether
[02:25:19] [Server thread/INFO]: <Coffeent> ya hice un vrgo de cyan
[02:25:22] [Server thread/INFO]: <Jerezzzito> slkdjsd
[02:25:23] [Server thread/INFO]: <Coffeent> el tronco es de roble
[02:25:24] [Server thread/INFO]: <Coffeent> no
[02:25:25] [Server thread/INFO]: <Coffeent> muy tarde
[02:25:25] [Server thread/INFO]: <Coffeent> ya
[02:25:26] [Server thread/INFO]: <Jerezzzito> sep
[02:25:35] [Server thread/INFO]: <Jerezzzito> no habia notado que parecia un volcan
[02:25:43] [Server thread/INFO]: <Jerezzzito> puede ser un crater
[02:25:48] [Server thread/INFO]: <Jerezzzito> iceberg
[02:25:55] [Server thread/INFO]: <Coffeent> es una cupula
[02:25:57] [Server thread/INFO]: <Coffeent> un invernadero
[02:26:02] [Server thread/INFO]: <Coffeent> ya hicimos la idea del arbol
[02:26:05] [Server thread/INFO]: <Coffeent> ahora quieres cambiarlo todo
[02:26:05] [Server thread/INFO]: <Coffeent> x,d
[02:26:08] [Server thread/INFO]: <Jerezzzito> un arbolito de navidad
[02:26:17] [Server thread/INFO]: <Coffeent> no es de navidad
[02:26:21] [Server thread/INFO]: <Coffeent> como se nota que no vse anime
[02:26:24] [Server thread/INFO]: <Coffeent> ni peliculas
[02:26:24] [Server thread/INFO]: <Coffeent> XD
[02:26:33] [Server thread/INFO]: <Coffeent> yo ya he visto como 5 invernaderos
[02:26:35] [Server thread/INFO]: <Coffeent> iguales a este
[02:26:44] [Server thread/INFO]: <Jerezzzito> xD
[02:26:52] [Server thread/INFO]: <Jerezzzito> nunca me fije invernaderos en mc
[02:27:01] [Server thread/INFO]: <Coffeent> a no en mc no lo hacen asi
[02:27:03] [Server thread/INFO]: <Coffeent> los hacen mas pequeños
[02:27:08] [Server thread/INFO]: <Coffeent> y con flores y la mmda
[02:27:11] [Server thread/INFO]: <Coffeent> no los hacen funcionales
[02:27:12] [Server thread/INFO]: <Jerezzzito> por algo ni sabia como poner la tierra
[02:27:15] [Server thread/INFO]: <Coffeent> los hacen de decoracion
[02:27:15] [Server thread/INFO]: <Coffeent> XD
[02:27:23] [Server thread/INFO]: <Coffeent> pero est lo hice funcional
[02:28:11] [Server thread/INFO]: <Jerezzzito> me cague del susto, senti como algo me tocaba el pie y era mi gata
[02:28:15] [Server thread/INFO]: <Jerezzzito> casi me caigo
[02:28:23] [Server thread/INFO]: <Jerezzzito> casi muero por culpa de un sustito
[02:28:28] [Server thread/INFO]: <Coffeent> y si yo te tocara el pie? unu
[02:28:40] [Server thread/INFO]: <Coffeent> y si yo saliera de debajo de tu mesa
[02:28:43] [Server thread/INFO]: <Coffeent> te asustarias?
[02:28:54] [Server thread/INFO]: <Jerezzzito> si no sabia que estabas ahi si
[02:28:58] [Server thread/INFO]: <Jerezzzito> XDD
[02:29:06] [Server thread/INFO]: <Coffeent> unu
[02:29:06] [Server thread/INFO]: <Jerezzzito> igual es facil asustarme
[02:29:31] [Server thread/INFO]: <Jerezzzito> no apresto atencion a mi alrededor, asi que te acercar y me asusto
[02:29:53] [Server thread/INFO]: <Jerezzzito> por eso no condusco :3
[02:29:59] [Server thread/INFO]: <Jerezzzito> aparte del daltonismo
[02:30:06] [Server thread/WARN]: Coffeent moved too quickly! -7.9788390153150885,0.0,-6.426260564720906
[02:32:09] [Server thread/INFO]: <Coffeent> no si que fumada
[02:32:13] [Server thread/INFO]: <Coffeent> esto que estoy haciendo
[02:33:07] [Server thread/INFO]: <Coffeent> quien tuvo la idea de esto?
[02:33:10] [Server thread/INFO]: <Coffeent> toca matar a esa persona
[02:33:22] [Server thread/INFO]: <Jerezzzito> ay
[02:33:39] [Server thread/INFO]: <Jerezzzito> podriamos dejarlo al aire
[02:33:41] [Server thread/INFO]: <Jerezzzito> libre
[02:33:46] [Server thread/INFO]: <Jerezzzito> que sea libre la cupula
[02:33:47] [Server thread/INFO]: <Coffeent> XD
[02:34:04] [Server thread/WARN]: Coffeent moved too quickly! 6.225653151789288,2.446947937232963,7.452066130154208
[02:34:17] [Server thread/INFO]: <Jerezzzito> que alcance sus sueños
[02:34:21] [Server thread/INFO]: <Coffeent> XDD
[02:34:26] [Server thread/INFO]: <Jerezzzito> y vuele alto
[02:34:27] [Server thread/INFO]: <Coffeent> mejor sigue haciendo las columnas
[02:34:31] [Server thread/INFO]: <Jerezzzito> si
[02:36:29] [Server thread/INFO]: <Jerezzzito> yey
[02:36:35] [Server thread/INFO]: <Jerezzzito> no me retaron porque darme
[02:36:35] [Server thread/INFO]: <Coffeent> ahorat e falta uno
[02:36:41] [Server thread/WARN]: Coffeent moved too quickly! 1.70468713949424,6.373934105426088,8.147946635587232
[02:36:41] [Server thread/INFO]: <Jerezzzito> en la pc
[02:36:41] [Server thread/INFO]: <Coffeent> apocon o
[02:36:43] [Server thread/INFO]: <Jerezzzito> :3
[02:36:58] [Server thread/INFO]: <Jerezzzito> si, me falta uno
[02:37:49] [Server thread/INFO]: [Coffeent: Successfully filled 958 block(s)]
[02:38:10] [Server thread/INFO]: <Jerezzzito> me falta uno y justo me volvi a quedar sin madera XD
[02:40:36] [Server thread/INFO]: <Coffeent> dios
[02:40:37] [Server thread/INFO]: <Coffeent> si nos pasamos
[02:43:00] [Server thread/INFO]: <Coffeent> regalito
[02:43:04] [Server thread/INFO]: <Coffeent> para que empieces a cultivar
[02:43:05] [Server thread/INFO]: <Coffeent> XD
[02:43:11] [Server thread/INFO]: <Jerezzzito> aww
[02:43:14] [Server thread/INFO]: <Jerezzzito> gracias amor
[02:43:16] [Server thread/INFO]: <Jerezzzito> :3
[02:43:17] [Server thread/INFO]: <Coffeent> digo
[02:43:18] [Server thread/INFO]: <Coffeent> a fin de cuentas
[02:43:20] [Server thread/INFO]: <Coffeent> esta cosota
[02:43:22] [Server thread/INFO]: <Coffeent> se hizo para cultivar
[02:43:23] [Server thread/INFO]: <Coffeent> XD
[02:43:25] [Server thread/INFO]: <Jerezzzito> si
[02:43:26] [Server thread/INFO]: <Jerezzzito> XDD
[02:43:47] [Server thread/INFO]: <Jerezzzito> en que piso decis que haga la granja de arboles?
[02:43:54] [Server thread/INFO]: <Coffeent> yo diria que
[02:43:57] [Server thread/INFO]: <Coffeent> uses el piso 2 y 3
[02:43:58] [Server thread/INFO]: <Coffeent> para eso
[02:44:01] [Server thread/INFO]: <Coffeent> no te basta con un piso
[02:44:07] [Server thread/INFO]: <Coffeent> toca dejar un piso sin techo
[02:44:12] [Server thread/INFO]: <Coffeent> asi crecen los arboles
[02:44:16] [Server thread/INFO]: <Coffeent> y si traes de roble oscuro od ejungla
[02:44:19] [Server thread/INFO]: <Coffeent> toca vaciar 3 pisos
[02:44:20] [Server thread/INFO]: <Coffeent> XD
[02:44:26] [Server thread/INFO]: <Jerezzzito> diavlo
[02:44:26] [Server thread/INFO]: <Coffeent> de hecho
[02:44:32] [Server thread/INFO]: <Coffeent> asi podrias ocupar gran parte
[02:44:33] [Server thread/INFO]: <Coffeent> de esta cosota
[02:44:35] [Server thread/INFO]: <Coffeent> co narboles
[02:44:35] [Server thread/INFO]: <Coffeent> XD
[02:44:39] [Server thread/INFO]: <Coffeent> ya que gastan mas de 1 paso
[02:44:41] [Server thread/INFO]: <Coffeent> piso*
[02:44:53] [Server thread/INFO]: <Jerezzzito> te puedo pedir una cosita del creativo?
[02:44:56] [Server thread/INFO]: <Coffeent> q
[02:44:59] [Server thread/INFO]: <Coffeent> nada op
[02:45:02] [Server thread/INFO]: <Coffeent> ni cheto
[02:45:15] [Server thread/INFO]: <Jerezzzito> un brote de cada arbol que hay
[02:45:19] [Server thread/INFO]: <Jerezzzito> un
[02:45:20] [Server thread/INFO]: <Jerezzzito> djsdlkjsd
[02:45:42] [Server thread/INFO]: <Coffeent> tenes el inv lleno
[02:45:46] [Server thread/INFO]: <Coffeent> usa tu mochla
[02:45:46] [Server thread/INFO]: <Coffeent> ps
[02:45:48] [Server thread/INFO]: <Coffeent> genia
[02:46:00] [Server thread/INFO]: <Coffeent> se te olvida que tienes mochila
[02:46:01] [Server thread/INFO]: <Coffeent> XD
[02:46:05] [Server thread/INFO]: <Jerezzzito> si
[02:46:06] [Server thread/INFO]: <Jerezzzito> xd
[02:46:13] [Server thread/INFO]: <Jerezzzito> la uso para las expediciones
[02:46:17] [Server thread/INFO]: <Jerezzzito> para guardar rapido
[02:46:26] [Server thread/INFO]: <Coffeent> que dicse
[02:46:30] [Server thread/INFO]: <Coffeent> usamos del piso 1 al 2
[02:46:33] [Server thread/INFO]: <Coffeent> para arboles pequeños
[02:46:37] [Server thread/INFO]: <Coffeent> y luego del 3 al 5
[02:46:38] [Server thread/INFO]: <Coffeent> para los grandes
[02:46:39] [Server thread/INFO]: <Coffeent> ?
[02:46:45] [Server thread/INFO]: <Jerezzzito> zhi
[02:46:45] [Server thread/INFO]: <Coffeent> son 14 pisos reina
[02:46:48] [Server thread/INFO]: <Coffeent> no toca escatimar
[02:46:49] [Server thread/INFO]: <Coffeent> en pisos
[02:46:50] [Server thread/INFO]: <Coffeent> XD
[02:46:58] [Server thread/INFO]: <Coffeent> onda no toca ser " ahorrativo"
[02:47:02] [Server thread/INFO]: <Coffeent> tenemos pisos de sobra
[02:47:05] [Server thread/INFO]: <Jerezzzito> dljsadkla
[02:47:06] [Server thread/INFO]: <Jerezzzito> si
[02:47:11] [Server thread/INFO]: <Jerezzzito> es mas
[02:47:14] [Server thread/INFO]: <Jerezzzito> me atrevo a decir
[02:47:20] [Server thread/INFO]: <Jerezzzito> que un piso por arbol
[02:47:26] [Server thread/INFO]: <Coffeent> no
[02:47:29] [Server thread/INFO]: <Coffeent> es que ponele
[02:47:30] [Server thread/INFO]: <Coffeent> que en cada piso
[02:47:32] [Server thread/INFO]: <Coffeent> hay 4 zonas
[02:47:39] [Server thread/INFO]: <Coffeent> es mejor si repartis arboles en esas 4 zonas
[02:47:41] [Server thread/INFO]: <Coffeent> xd
[02:47:47] [Server thread/INFO]: <Jerezzzito> tambien
[02:47:49] [Server thread/INFO]: <Coffeent> arbol por piso
[02:47:50] [Server thread/INFO]: <Coffeent> es
[02:47:51] [Server thread/INFO]: <Coffeent> demasiado
[02:47:54] [Server thread/INFO]: <Coffeent> o queres?
[02:47:57] [Server thread/INFO]: <Coffeent> bah
[02:47:59] [Server thread/INFO]: <Coffeent> arbol por piso
[02:48:00] [Server thread/INFO]: <Coffeent> ya fue
[02:48:04] [Server thread/INFO]: <Coffeent> el problema se que no espor piso
[02:48:06] [Server thread/INFO]: <Coffeent> deja hago cuentas
[02:48:25] [Server thread/INFO]: <Coffeent> 3
[02:48:27] [Server thread/INFO]: <Coffeent> 3x3
[02:48:29] [Server thread/INFO]: <Coffeent> 9
[02:48:34] [Server thread/INFO]: <Coffeent> 3x2 6
[02:48:41] [Server thread/INFO]: <Coffeent> 15
[02:48:42] [Server thread/INFO]: <Coffeent> vrga
[02:48:42] [Server thread/INFO]: <Coffeent> no da
[02:48:43] [Server thread/INFO]: <Coffeent> xd
[02:48:46] [Server thread/INFO]: <Coffeent> no te da
[02:49:10] [Server thread/INFO]: <Jerezzzito> xD
[02:49:13] [Server thread/INFO]: <Jerezzzito> mira
[02:49:18] [Server thread/INFO]: <Jerezzzito> de arboles chiquitos
[02:49:19] [Server thread/INFO]: <Coffeent> es que ponele
[02:49:20] [Server thread/INFO]: <Jerezzzito> son 3
[02:49:23] [Server thread/INFO]: <Coffeent> hay 3 arboles grandes
[02:49:26] [Server thread/INFO]: <Coffeent> y 3 chiquitos
[02:49:30] [Server thread/INFO]: <Coffeent> los chiquitos gastan 2 pisos
[02:49:32] [Server thread/INFO]: <Jerezzzito> hay 7 arboles
[02:49:32] [Server thread/INFO]: <Coffeent> y los grandes 3
[02:49:36] [Server thread/INFO]: <Coffeent> como q 7
[02:49:40] [Server thread/INFO]: <Coffeent> de donde sacas 7
[02:49:43] [Server thread/INFO]: <Jerezzzito> a
[02:49:46] [Server thread/INFO]: <Coffeent> a no si hay 7
[02:49:51] [Server thread/INFO]: <Coffeent> sakura
[02:49:52] [Server thread/INFO]: <Coffeent> 4
[02:49:54] [Server thread/INFO]: <Jerezzzito> ujum
[02:49:55] [Server thread/INFO]: <Coffeent> hay 4 chiquitos
[02:49:57] [Server thread/INFO]: <Coffeent> lo que podes hacer
[02:50:01] [Server thread/INFO]: <Coffeent> es repatir
[02:50:03] [Server thread/INFO]: <Coffeent> 2 arboles
[02:50:05] [Server thread/INFO]: <Coffeent> en cada piso
[02:50:07] [Server thread/INFO]: <Coffeent> y los 3 grandes
[02:50:09] [Server thread/INFO]: <Coffeent> en un solo
[02:50:17] [Server thread/INFO]: <Jerezzzito> 3 para 4
[02:50:19] [Server thread/INFO]: <Coffeent> q
[02:50:24] [Server thread/INFO]: <Coffeent> XD?
[02:50:28] [Server thread/INFO]: <Coffeent> esta mal dicho
[02:50:29] [Server thread/INFO]: <Coffeent> piensa bien
[02:50:33] [Server thread/INFO]: <Jerezzzito> hay 3 grandes, pero hay 4 espacios
[02:50:38] [Server thread/INFO]: <Coffeent> q
[02:50:42] [Server thread/INFO]: <Jerezzzito> sectores
[02:50:47] [Server thread/INFO]: <Coffeent> ya si
[02:50:49] [Server thread/INFO]: <Coffeent> pero da igual
[02:50:51] [Server thread/INFO]: <Coffeent> podes repetir arboles
[02:51:01] [Server thread/INFO]: <Coffeent> por eso decia
[02:51:03] [Server thread/INFO]: <Coffeent> que un uno piso
[02:51:06] [Server thread/INFO]: <Coffeent> 2 arboles pequeños
[02:51:09] [Server thread/INFO]: <Coffeent> en el otro los otros 2 pequeños
[02:51:12] [Server thread/INFO]: <Coffeent> y en otro los 3 grandes
[02:51:16] [Server thread/INFO]: <Coffeent> que no es un piso
[02:51:20] [Server thread/INFO]: <Coffeent> por que cada piso de arboles pequeños
[02:51:21] [Server thread/INFO]: <Coffeent> son 2 pisos
[02:51:25] [Server thread/INFO]: <Coffeent> y cada piso de los grandes son 3
[02:51:27] [Server thread/INFO]: <Coffeent> ni 3
[02:51:29] [Server thread/INFO]: <Coffeent> se van 4
[02:51:31] [Server thread/INFO]: <Coffeent> facilmente
[02:51:34] [Server thread/INFO]: <Coffeent> por el roble oscuro
[02:51:36] [Server thread/INFO]: <Coffeent> y el de jungla
[02:51:40] [Server thread/INFO]: <Jerezzzito> avr
[02:51:45] [Server thread/INFO]: <Jerezzzito> pogamolo a prueva
[02:51:47] [Server thread/INFO]: <Jerezzzito> ahr
[02:51:48] [Server thread/INFO]: <Coffeent> XD
[02:51:54] [Server thread/INFO]: <Coffeent> pon uno de jungla
[02:52:02] [Server thread/INFO]: <Jerezzzito> experimento aca nomas
[02:52:15] [Server thread/INFO]: <Coffeent> donde fuiste
[02:52:19] [Server thread/INFO]: <Jerezzzito> a por tierra
[02:52:25] [Server thread/INFO]: <Coffeent> aca hay tierra
[02:52:26] [Server thread/INFO]: <Coffeent> boba
[02:52:32] [Server thread/INFO]: [Coffeent: Teleported Jerezzzito to Coffeent]
[02:52:37] [Server thread/INFO]: <Coffeent> plantalo aqui mismo
[02:52:38] [Server thread/INFO]: <Jerezzzito> a
[02:52:38] [Server thread/INFO]: <Coffeent> el de jungla
[02:52:43] [Server thread/INFO]: <Coffeent> pero aca
[02:52:46] [Server thread/INFO]: <Coffeent> lejos de los bordes
[02:52:47] [Server thread/INFO]: <Coffeent> o se rompe todo
[02:53:05] [Server thread/INFO]: <Coffeent> ves
[02:53:09] [Server thread/INFO]: <Coffeent> se traga 3 pisos
[02:53:13] [Server thread/INFO]: <Coffeent> queda tocando techo
[02:53:40] [Server thread/INFO]: <Coffeent> XD
[02:53:42] [Server thread/INFO]: <Coffeent> 4 pisos
[02:53:42] [Server thread/INFO]: <Jerezzzito> chinga
[02:53:42] [Server thread/INFO]: <Coffeent> XD
[02:53:51] [Server thread/INFO]: <Coffeent> que 4
[02:53:52] [Server thread/INFO]: <Coffeent> se trago 5
[02:53:53] [Server thread/INFO]: <Coffeent> XD
[02:54:22] [Server thread/INFO]: <Coffeent> 2
[02:54:24] [Server thread/INFO]: <Coffeent> no 3
[02:54:28] [Server thread/INFO]: <Coffeent> queda tocando techo
[02:54:35] [Server thread/INFO]: <Coffeent> y si quedan asi
[02:54:36] [Server thread/INFO]: <Coffeent> no crecen
[02:54:39] [Server thread/INFO]: <Coffeent> entones toca dejarle 3
[02:54:39] [Server thread/INFO]: <Coffeent> xd
[02:54:42] [Server thread/INFO]: <Jerezzzito> problema
[02:54:44] [Server thread/INFO]: <Jerezzzito> pon este
[02:54:53] [Server thread/INFO]: <Coffeent> este es re pequeño
[02:55:01] [Server thread/INFO]: <Coffeent> ni crece
[02:55:02] [Server thread/INFO]: <Coffeent> de a 4
[02:55:09] [Server thread/INFO]: <Jerezzzito> fijese
[02:55:13] [Server thread/INFO]: <Jerezzzito> yo estuve talando
[02:55:41] [Server thread/INFO]: <Coffeent> no pasa de 2 pisos amor
[02:55:42] [Server thread/INFO]: <Coffeent> xd
[02:55:55] [Server thread/INFO]: <Jerezzzito> bueno ta bien
[02:56:02] [Server thread/INFO]: <Coffeent> de 2 pisos no pasa ese
[02:56:06] [Server thread/INFO]: <Coffeent> ahora pon el sakura
[02:56:08] [Server thread/INFO]: <Coffeent> esesi pasa
[02:56:09] [Server thread/INFO]: <Coffeent> creo
[02:56:28] [Server thread/INFO]: <Coffeent> apoco no se ve hermso
[02:56:30] [Server thread/INFO]: <Jerezzzito> no sabia eso :o
[02:56:30] [Server thread/INFO]: <Coffeent> pinche arbol bonito
[02:56:54] [Server thread/INFO]: <Jerezzzito> ojala algun dia pongan un arbol lloron unu
[02:56:55] [Server thread/INFO]: <Coffeent> ahora comprobemos algo
[02:57:29] [Server thread/INFO]: <Coffeent> bien
[02:57:31] [Server thread/INFO]: <Coffeent> no rompe esas cosas
[02:57:45] [Server thread/INFO]: <Jerezzzito> el de sacura puede crecer bastante
[02:57:59] [Server thread/INFO]: <Coffeent> vrgfa
[02:58:03] [Server thread/INFO]: <Jerezzzito> vesvevesvvse
[02:58:11] [Server thread/INFO]: <Coffeent> pero no pasa de 2 pisos amor
[02:58:12] [Server thread/INFO]: <Coffeent> xd
[02:58:14] [Server thread/INFO]: <Jerezzzito> unu
[02:58:20] [Server thread/INFO]: <Jerezzzito> pobre chiquitin
[02:58:22] [Server thread/INFO]: <Jerezzzito> unu
[02:58:27] [Server thread/INFO]: <Coffeent> bien
[02:58:29] [Server thread/INFO]: <Coffeent> estaba confirmando
[02:58:30] [Server thread/INFO]: <Jerezzzito> te falto ete
[02:58:31] [Server thread/INFO]: <Coffeent> que no rompiera
[02:58:32] [Server thread/INFO]: <Coffeent> la madera
[02:58:34] [Server thread/INFO]: <Coffeent> de los soportes
[02:58:35] [Server thread/INFO]: <Coffeent> xd
[02:58:44] [Server thread/INFO]: <Coffeent> este no crece mas
[02:58:55] [Server thread/INFO]: <Coffeent> no si
[02:58:57] [Server thread/INFO]: <Coffeent> toca minimo 3
[02:59:01] [Server thread/INFO]: <Coffeent> por cada
[02:59:20] [Server thread/INFO]: <Coffeent> miramira
[02:59:22] [Server thread/INFO]: <Coffeent> asi salen mas bonitos
[02:59:54] [Server thread/INFO]: <Coffeent> apoco no esta hermoso
[02:59:55] [Server thread/INFO]: <Coffeent> aksldaj
[03:00:01] [Server thread/INFO]: <Jerezzzito> parece un corazon :#
[03:00:03] [Server thread/INFO]: <Jerezzzito> :3
[03:00:04] [Server thread/INFO]: <Coffeent> ujum
[03:00:18] [Server thread/INFO]: <Coffeent> son dos corazones
[03:00:19] [Server thread/INFO]: <Coffeent> pegados
[03:00:46] [Server thread/INFO]: <Coffeent> ve a
[03:00:48] [Server thread/INFO]: <Coffeent> seguir ocn lo otro
[03:00:49] [Server thread/INFO]: <Coffeent> XD
[03:00:56] [Server thread/INFO]: <Jerezzzito> q otro
[03:00:59] [Server thread/INFO]: <Coffeent> dejaremos asignados
[03:01:01] [Server thread/INFO]: <Coffeent> 2 pisos para arboles
[03:01:05] [Server thread/INFO]: <Coffeent> cada piso con 4 pisos
[03:01:06] [Server thread/INFO]: <Coffeent> te parece
[03:01:08] [Server thread/INFO]: <Coffeent> ?
[03:01:14] [Server thread/INFO]: <Jerezzzito> zhi
[03:01:17] [Server thread/INFO]: <Coffeent> ta bn
[03:01:26] [Server thread/INFO]: <Jerezzzito> ya desde el de arriba?
[03:01:41] [Server thread/INFO]: <Coffeent> quieres dejar los ultimos pisos
[03:01:42] [Server thread/INFO]: <Coffeent> para arboles
[03:01:43] [Server thread/INFO]: <Coffeent> ?
[03:01:53] [Server thread/INFO]: <Jerezzzito> no, muy chiquitos
[03:01:54] [Server thread/INFO]: <Jerezzzito> ksldjd
[03:01:57] [Server thread/INFO]: <Coffeent> XD
[03:01:57] [Server thread/INFO]: <Jerezzzito> XDD
[03:02:04] [Server thread/INFO]: <Coffeent> chiquitos dice
[03:02:05] [Server thread/INFO]: <Coffeent> XD
[03:02:37] [Server thread/INFO]: <Jerezzzito> entonces confirmame, en dodneestoy puedo poner tierra normal, verdad?
[03:02:57] [Server thread/INFO]: <Coffeent> pon almenos uno
[03:02:59] [Server thread/INFO]: <Coffeent> en cada zona
[03:03:03] [Server thread/INFO]: <Coffeent> de las 4
[03:03:04] [Server thread/INFO]: <Coffeent> asi se esparce
[03:03:10] [Server thread/INFO]: <Coffeent> y si
[03:03:10] [Server thread/INFO]: <Coffeent> si podes
[03:03:46] [Server thread/INFO]: <Jerezzzito> este piso se va
[03:03:51] [Server thread/INFO]: <Coffeent> no
[03:03:52] [Server thread/INFO]: <Coffeent> nono
[03:03:53] [Server thread/INFO]: <Coffeent> aguantea
[03:03:55] [Server thread/INFO]: <Jerezzzito> ok
[03:03:56] [Server thread/INFO]: <Coffeent> no tienes que romper eso tonta
[03:03:59] [Server thread/INFO]: <Coffeent> XD
[03:04:03] [Server thread/INFO]: <Coffeent> no vas a plantar arboles
[03:04:03] [Server thread/INFO]: <Coffeent> aca
[03:04:10] [Server thread/INFO]: <Coffeent> XD
[03:04:11] [Server thread/INFO]: <Jerezzzito> xDD
[03:04:13] [Server thread/INFO]: <Coffeent> tonta
[03:04:14] [Server thread/INFO]: <Coffeent> XD
[03:04:19] [Server thread/INFO]: <Jerezzzito> y pa que uso esto sino
[03:04:28] [Server thread/INFO]: <Coffeent> pues para ver los arboles
[03:04:30] [Server thread/INFO]: <Coffeent> subirte a ellos
[03:04:31] [Server thread/INFO]: <Coffeent> que se yo
[03:04:47] [Server thread/INFO]: <Coffeent> me preocupa la columna del centro
[03:04:52] [Server thread/INFO]: <Coffeent> creo que esa si se rompe
[03:04:55] [Server thread/INFO]: <Coffeent> si llega a crecer u narbol cerc
[03:04:56] [Server thread/INFO]: <Coffeent> a
[03:05:04] [Server thread/INFO]: <Coffeent> por eso deja las esquinas
[03:05:07] [Server thread/INFO]: <Coffeent> asi no crecen cerca
[03:05:13] [Server thread/INFO]: <Jerezzzito> prueva
[03:05:18] [Server thread/INFO]: <Coffeent> mija
[03:05:20] [Server thread/INFO]: <Coffeent> si pruebo
[03:05:23] [Server thread/INFO]: <Coffeent> y resulta ser verdad
[03:05:25] [Server thread/INFO]: <Coffeent> toca hacer todo
[03:05:26] [Server thread/INFO]: <Coffeent> de nuevo
[03:05:26] [Server thread/INFO]: <Coffeent> XD
[03:05:35] [Server thread/INFO]: <Jerezzzito> prueba haciendo un tronco aparte
[03:05:52] [Server thread/INFO]: <Coffeent> no se rompio
[03:06:12] [Server thread/INFO]: <Coffeent> vrgat
[03:06:14] [Server thread/INFO]: <Coffeent> mira como queda
[03:06:14] [Server thread/INFO]: <Coffeent> XD
[03:06:23] [Server thread/INFO]: <Coffeent> si detecta al tronco
[03:06:25] [Server thread/INFO]: <Coffeent> como arbol
[03:06:31] [Server thread/INFO]: <Jerezzzito> q bonito
[03:06:38] [Server thread/INFO]: <Jerezzzito> no se ponen arboles cerca del tronco
[03:06:43] [Server thread/INFO]: <Coffeent> exactemente
[03:06:46] [Server thread/INFO]: <Coffeent> de hecho te hare
[03:06:48] [Server thread/INFO]: <Coffeent> la separacion
[03:07:26] [Server thread/INFO]: <Jerezzzito> mor
[03:07:36] [Server thread/INFO]: <Jerezzzito> los arboles del nether no crecen?
[03:07:40] [Server thread/INFO]: <Coffeent> si
[03:07:42] [Server thread/INFO]: <Coffeent> si crecen
[03:07:43] [Server thread/INFO]: <Coffeent> pq?
[03:08:11] [Server thread/INFO]: <Coffeent> no creo que no
[03:08:17] [Server thread/INFO]: <Coffeent> no
[03:08:21] [Server thread/INFO]: <Coffeent> solo crecen en el nether
[03:08:22] [Server thread/INFO]: <Coffeent> xd
[03:08:24] [Server thread/INFO]: <Coffeent> no hay sapling
[03:08:26] [Server thread/INFO]: <Coffeent> para esos arboles
[03:08:27] [Server thread/INFO]: <Coffeent> no tienen brote
[03:08:29] [Server thread/INFO]: <Coffeent> ni lo sueltan
[03:08:30] [Server thread/INFO]: <Jerezzzito> unu
[03:12:04] [Server thread/INFO]: <Jerezzzito> ponme donde termina esto XD
[03:12:14] [Server thread/INFO]: <Coffeent> q
[03:12:15] [Server thread/INFO]: <Coffeent> como asi
[03:12:31] [Server thread/INFO]: <Jerezzzito> osea, aca seria el otro piso
[03:12:53] [Server thread/INFO]: <Coffeent> no
[03:13:07] [Server thread/INFO]: <Coffeent> son 4 recuerdas?
[03:13:13] [Server thread/INFO]: <Coffeent> o este piso que pondras?
[03:13:16] [Server thread/INFO]: <Coffeent> arboles pequeños o grandes
[03:13:22] [Server thread/INFO]: <Jerezzzito> pequeños
[03:14:19] [Server thread/INFO]: <Coffeent> mejor llena el de abajo
[03:14:22] [Server thread/INFO]: <Coffeent> aca aun no hay borde
[03:16:30] [Server thread/WARN]: Coffeent moved too quickly! 10.06681648528479,0.0,0.30142104000015024
[03:19:35] [Server thread/INFO]: <Coffeent> 10:19
[03:19:39] [Server thread/INFO]: <Coffeent> ya tendrias que ir apagando
[03:19:52] [Server thread/INFO]: <Coffeent> tendria*
[03:20:17] [Server thread/INFO]: [Coffeent: Set own game mode to Survival Mode]
[03:20:24] [Server thread/INFO]: <Jerezzzito> vamos a la camita amor?
[03:23:22] [Server thread/INFO]: [Coffeent: Set own game mode to Creative Mode]
[03:23:34] [Server thread/INFO]: <Coffeent> ?
[03:23:53] [Server thread/INFO]: <Jerezzzito> ah verdad
[03:23:59] [Server thread/INFO]: <Jerezzzito> el arroz
[03:24:02] [Server thread/INFO]: <Jerezzzito> se ahce en el agua
[03:24:06] [Server thread/INFO]: <Coffeent> si
[03:27:15] [Server thread/WARN]: Coffeent moved too quickly! 6.2608661263698195,-3.098483978698283,7.225767611218998
[03:28:55] [Server thread/INFO]: <Coffeent> apoco no se ve bonito
[03:29:36] [Server thread/INFO]: <Jerezzzito> zhi
[03:29:37] [Server thread/INFO]: <Jerezzzito> :3
[03:30:25] [Server thread/INFO]: Coffeent lost connection: Disconnected
[03:30:25] [Server thread/INFO]: Coffeent left the game
[03:33:36] [Server thread/INFO]: Jerezzzito lost connection: Disconnected
[03:33:36] [Server thread/INFO]: Jerezzzito left the game
[03:46:05] [Server console handler/ERROR]: Exception handling console input
java.io.IOException: Input/output error
	at java.base/java.io.FileInputStream.readBytes(Native Method) ~[?:?]
	at java.base/java.io.FileInputStream.read(FileInputStream.java:287) ~[?:?]
	at java.base/java.io.BufferedInputStream.read1(BufferedInputStream.java:345) ~[?:?]
	at java.base/java.io.BufferedInputStream.implRead(BufferedInputStream.java:420) ~[?:?]
	at java.base/java.io.BufferedInputStream.read(BufferedInputStream.java:399) ~[?:?]
	at java.base/sun.nio.cs.StreamDecoder.readBytes(StreamDecoder.java:350) ~[?:?]
	at java.base/sun.nio.cs.StreamDecoder.implRead(StreamDecoder.java:393) ~[?:?]
	at java.base/sun.nio.cs.StreamDecoder.lockedRead(StreamDecoder.java:217) ~[?:?]
	at java.base/sun.nio.cs.StreamDecoder.read(StreamDecoder.java:171) ~[?:?]
	at java.base/java.io.InputStreamReader.read(InputStreamReader.java:188) ~[?:?]
	at java.base/java.io.BufferedReader.fill(BufferedReader.java:160) ~[?:?]
	at java.base/java.io.BufferedReader.implReadLine(BufferedReader.java:370) ~[?:?]
	at java.base/java.io.BufferedReader.readLine(BufferedReader.java:347) ~[?:?]
	at java.base/java.io.BufferedReader.readLine(BufferedReader.java:436) ~[?:?]
	at knot/net.minecraft.class_3176$1.run(class_3176.java:103) [server-intermediary.jar:?]
